[debug] [2020-03-20T11:10:31.057Z] ----------------------------------------------------------------------
[debug] [2020-03-20T11:10:31.058Z] Command:       /usr/local/Cellar/node@10/10.18.1/bin/node /usr/local/bin/firebase serve
[debug] [2020-03-20T11:10:31.059Z] CLI Version:   7.15.1
[debug] [2020-03-20T11:10:31.059Z] Platform:      darwin
[debug] [2020-03-20T11:10:31.059Z] Node Version:  v10.18.1
[debug] [2020-03-20T11:10:31.060Z] Time:          Fri Mar 20 2020 12:10:31 GMT+0100 (Central European Standard Time)
[debug] [2020-03-20T11:10:31.060Z] ----------------------------------------------------------------------
[debug] [2020-03-20T11:10:31.060Z] 
[debug] [2020-03-20T11:10:31.074Z] > command requires scopes: ["email","openid","https://www.googleapis.com/auth/cloudplatformprojects.readonly","https://www.googleapis.com/auth/firebase","https://www.googleapis.com/auth/cloud-platform"]
[debug] [2020-03-20T11:10:31.074Z] > authorizing via signed-in user
[debug] [2020-03-20T11:10:31.075Z] [iam] checking project sap-hybris-labs for permissions ["firebase.projects.get"]
[debug] [2020-03-20T11:10:31.076Z] > refreshing access token with scopes: ["email","https://www.googleapis.com/auth/cloud-platform","https://www.googleapis.com/auth/cloudplatformprojects.readonly","https://www.googleapis.com/auth/firebase","openid"]
[debug] [2020-03-20T11:10:31.076Z] >>> HTTP REQUEST POST https://www.googleapis.com/oauth2/v3/token  
 <request body omitted>
[debug] [2020-03-20T11:10:31.273Z] <<< HTTP RESPONSE 200
[debug] [2020-03-20T11:10:31.287Z] >>> HTTP REQUEST POST https://cloudresourcemanager.googleapis.com/v1/projects/sap-hybris-labs:testIamPermissions  

[debug] [2020-03-20T11:10:32.144Z] <<< HTTP RESPONSE 200
[debug] [2020-03-20T11:10:32.146Z] >>> HTTP REQUEST GET https://firebase.googleapis.com/v1beta1/projects/sap-hybris-labs  
 
[debug] [2020-03-20T11:10:32.440Z] <<< HTTP RESPONSE 200
[info] 
[info] === Serving from '/Users/I509231/Sites/spartacus/mystore'...
[info] 
[debug] [2020-03-20T11:10:32.444Z] >>> HTTP REQUEST GET https://firebase.googleapis.com/v1beta1/projects/sap-hybris-labs/webApps/-/config  
 
[info] ✔  functions: Using node@10 from host.
[info] ✔  functions: functions emulator started at http://localhost:5001
[debug] [2020-03-20T11:10:33.069Z] <<< HTTP RESPONSE 200
[info] i  functions: Watching "/Users/I509231/Sites/spartacus/mystore/functions" for Cloud Functions...
[debug] [2020-03-20T11:10:33.104Z] [worker-pool] addWorker(~diagnostic~)
[debug] [2020-03-20T11:10:33.104Z] [worker-pool] Adding worker with key ~diagnostic~, total=1
[debug] [2020-03-20T11:10:33.104Z] [worker-pool] submitWork(triggerId=)
[debug] [2020-03-20T11:10:33.104Z] [worker-~diagnostic~-7eb0760f-e9be-4f01-9dc5-7564a9dbe71c]: Assigning socketPath: /var/folders/s7/970dh_9j2jnc4n1yylv5j4hh0000gn/T/fire_emu_70157.sock
[debug] [2020-03-20T11:10:33.105Z] [worker-~diagnostic~-7eb0760f-e9be-4f01-9dc5-7564a9dbe71c]: BUSY
[info] i  hosting[spartacus-ssr-lambda]: Serving hosting files from: dist/mystore/browser
[info] ✔  hosting[spartacus-ssr-lambda]: Local server: http://localhost:5000
[debug] [2020-03-20T11:10:33.365Z] [runtime-status] [70157] Functions runtime initialized. {"cwd":"/Users/I509231/Sites/spartacus/mystore/functions","node_version":"10.18.1"}
[debug] [2020-03-20T11:10:33.367Z] [runtime-status] [70157] Disabled runtime features: {"functions_config_helper":true,"network_filtering":true,"timeout":true,"memory_limiting":true,"admin_stubs":true,"pubsub_emulator":true}
[debug] [2020-03-20T11:10:33.371Z] [runtime-status] [70157] Resolved module firebase-admin {"declared":true,"installed":true,"version":"8.10.0","resolution":"/Users/I509231/Sites/spartacus/mystore/functions/node_modules/firebase-admin/lib/index.js"}
[debug] [2020-03-20T11:10:33.373Z] [runtime-status] [70157] Resolved module firebase-functions {"declared":true,"installed":true,"version":"3.3.0","resolution":"/Users/I509231/Sites/spartacus/mystore/functions/node_modules/firebase-functions/lib/index.js"}
[debug] [2020-03-20T11:10:33.373Z] [runtime-status] [70157] Resolved module firebase-functions {"declared":true,"installed":true,"version":"3.3.0","resolution":"/Users/I509231/Sites/spartacus/mystore/functions/node_modules/firebase-functions/lib/index.js"}
[info] ✔  functions[spartacusUniversal]: http function initialized (http://localhost:5001/sap-hybris-labs/us-central1/spartacusUniversal).
[debug] [2020-03-20T11:10:33.808Z] [worker-~diagnostic~-7eb0760f-e9be-4f01-9dc5-7564a9dbe71c]: IDLE
